/*C2*/SET SCHEMA PUBLIC
CONNECT USER SA
SET AUTOCOMMIT FALSE
DELETE FROM USER WHERE ID=7
INSERT INTO USER VALUES(7,'2007-06-05 00:00:00.855000000','password','v11qq',0,'bob',NULL,NULL,NULL,NULL)
SET AUTOCOMMIT TRUE
INSERT INTO USER_ANIMAL VALUES(7,1)
SET AUTOCOMMIT FALSE
DELETE FROM USER WHERE ID=7
INSERT INTO USER VALUES(7,'2007-06-05 00:00:00.855000000','password','v11qq',0,'bob',NULL,NULL,NULL,NULL)
SET AUTOCOMMIT TRUE
DELETE FROM USER_ANIMAL WHERE USER_ID=7 AND ANIMAL_ID=1
INSERT INTO USER_ANIMAL VALUES(7,1)
INSERT INTO USER_ANIMAL VALUES(7,3)
SET AUTOCOMMIT FALSE
DELETE FROM USER WHERE ID=7
INSERT INTO USER VALUES(7,'2007-06-05 00:00:00.855000000','password','v11qq',0,'bob',NULL,NULL,NULL,NULL)
SET AUTOCOMMIT TRUE
DELETE FROM USER_ANIMAL WHERE USER_ID=7 AND ANIMAL_ID=1
DELETE FROM USER_ANIMAL WHERE USER_ID=7 AND ANIMAL_ID=3
INSERT INTO USER_ANIMAL VALUES(7,1)
INSERT INTO USER_ANIMAL VALUES(7,3)
INSERT INTO USER_ANIMAL VALUES(7,8)
SET AUTOCOMMIT FALSE
DELETE FROM USER WHERE ID=7
INSERT INTO USER VALUES(7,'2007-06-05 00:00:00.855000000','password','v11qq',0,'bob',NULL,NULL,NULL,NULL)
SET AUTOCOMMIT TRUE
SET AUTOCOMMIT FALSE
DELETE FROM USER WHERE ID=7
INSERT INTO USER VALUES(7,'2007-06-05 00:00:00.855000000','password','v11qq',0,'bob',NULL,NULL,NULL,NULL)
SET AUTOCOMMIT TRUE
